[debug] [2025-11-30T12:46:19.514Z] ----------------------------------------------------------------------
[debug] [2025-11-30T12:46:19.516Z] Command:       C:\Program Files\nodejs\node.exe C:\Users\etacl\AppData\Roaming\npm\node_modules\firebase-tools\lib\bin\firebase.js init hosting
[debug] [2025-11-30T12:46:19.516Z] CLI Version:   14.23.0
[debug] [2025-11-30T12:46:19.516Z] Platform:      win32
[debug] [2025-11-30T12:46:19.516Z] Node Version:  v22.18.0
[debug] [2025-11-30T12:46:19.517Z] Time:          Sun Nov 30 2025 15:46:19 GMT+0300 (GMT+03:00)
[debug] [2025-11-30T12:46:19.517Z] ----------------------------------------------------------------------
[debug] 
[info] 
     ######## #### ########  ######## ########     ###     ######  ########
     ##        ##  ##     ## ##       ##     ##  ##   ##  ##       ##
     ######    ##  ########  ######   ########  #########  ######  ######
     ##        ##  ##    ##  ##       ##     ## ##     ##       ## ##
     ##       #### ##     ## ######## ########  ##     ##  ######  ########

You're about to initialize a Firebase project in this directory:

  C:\Users\etacl\OneDrive\Masaüstü\matchday

[info] 
=== Project Setup
[info] 
[info] First, let's associate this project directory with a Firebase project.
[info] You can create multiple project aliases by running firebase use --add, 
[info] 
[debug] [2025-11-30T12:47:08.706Z] > command requires scopes: ["email","openid","https://www.googleapis.com/auth/cloudplatformprojects.readonly","https://www.googleapis.com/auth/firebase","https://www.googleapis.com/auth/cloud-platform"]
[debug] [2025-11-30T12:47:08.707Z] > authorizing via signed-in user (etacli@gmail.com)
[debug] [2025-11-30T12:47:08.708Z] Checked if tokens are valid: true, expires at: 1764509645457
[debug] [2025-11-30T12:47:08.708Z] Checked if tokens are valid: true, expires at: 1764509645457
[debug] [2025-11-30T12:47:08.710Z] >>> [apiv2][query] GET https://firebase.googleapis.com/v1beta1/projects/ogmmebi [none]
[debug] [2025-11-30T12:47:09.298Z] <<< [apiv2][status] GET https://firebase.googleapis.com/v1beta1/projects/ogmmebi 200
[debug] [2025-11-30T12:47:09.298Z] <<< [apiv2][body] GET https://firebase.googleapis.com/v1beta1/projects/ogmmebi {"projectId":"ogmmebi","projectNumber":"416667259951","displayName":"ogmmebi","name":"projects/ogmmebi","resources":{"hostingSite":"ogmmebi"},"state":"ACTIVE","etag":"1_5ce3c508-7cfe-4f04-a540-eace63c12e71"}
[info] i  Using project ogmmebi (ogmmebi) . 
[info] 
=== Hosting Setup
[debug] [2025-11-30T12:47:09.320Z] Checked if tokens are valid: true, expires at: 1764509645457
[debug] [2025-11-30T12:47:09.320Z] Checked if tokens are valid: true, expires at: 1764509645457
[debug] [2025-11-30T12:47:09.320Z] >>> [apiv2][query] GET https://firebase.googleapis.com/v1beta1/projects/ogmmebi [none]
[debug] [2025-11-30T12:47:09.599Z] <<< [apiv2][status] GET https://firebase.googleapis.com/v1beta1/projects/ogmmebi 200
[debug] [2025-11-30T12:47:09.599Z] <<< [apiv2][body] GET https://firebase.googleapis.com/v1beta1/projects/ogmmebi {"projectId":"ogmmebi","projectNumber":"416667259951","displayName":"ogmmebi","name":"projects/ogmmebi","resources":{"hostingSite":"ogmmebi"},"state":"ACTIVE","etag":"1_5ce3c508-7cfe-4f04-a540-eace63c12e71"}
[info] 
[info] Your public directory is the folder (relative to your project directory) that
[info] will contain Hosting assets to be uploaded with firebase deploy. If you
[info] have a build process for your assets, use your build's output directory.
[info] 
[debug] [2025-11-30T12:48:27.445Z] ExitPromptError: User force closed the prompt with SIGINT
    at Interface.sigint (C:\Users\etacl\AppData\Roaming\npm\node_modules\firebase-tools\node_modules\@inquirer\core\dist\commonjs\lib\create-prompt.js:101:37)
    at Interface.emit (node:events:518:28)
    at Interface.emit (node:domain:489:12)
    at [_ttyWrite] [as _ttyWrite] (node:internal/readline/interface:1132:18)
    at ReadStream.onkeypress (node:internal/readline/interface:271:20)
    at ReadStream.emit (node:events:530:35)
    at ReadStream.emit (node:domain:489:12)
    at emitKeys (node:internal/readline/utils:370:14)
    at emitKeys.next (<anonymous>)
    at ReadStream.onData (node:internal/readline/emitKeypressEvents:64:36)
[error] 
[error] Error: An unexpected error has occurred.
